-- Catapult Ultra Synthesis: Report                                              
-- ------------------------- ---------------------------------------------------
-- Version:                  10.5c/896140 Production Release                     
-- Build Date:               Sun Sep  6 22:45:38 PDT 2020                        
                                                                                 
-- Generated by:             dss545@hansolo.poly.edu                             
-- Generated date:           Tue Feb 09 19:28:02 EST 2021                        

Solution Settings: fir1.v21
  Current state: extract
  Project: fir_filter
  
  Design Input Files Specified
    $PROJECT_HOME/fir_filter2.c
      $PROJECT_HOME/fir_filter2.h
    $PROJECT_HOME/fir_filter3.c
      $PROJECT_HOME/fir_filter2.h
    $PROJECT_HOME/fir_filter_tb2.c
    $PROJECT_HOME/fir_filter2.h
  
  Processes/Blocks in Design
    Process       Real Operation(s) count Latency Throughput Reset Length II Comments 
    ------------- ----------------------- ------- ---------- ------------ -- --------
    /fir1/core                         70      33         34            0  0          
    Design Total:                      70      33         34            0  0          
    
  Bill Of Materials (Datapath)
    Component Name                                   Area Score Delay Post Alloc Post Assign 
    ------------------------------------------------ ---------- ----- ---------- -----------
    [Lib: ccs_ioport]                                                                        
    ccs_in(1,32)                                          0.000 0.000          1           1 
    ccs_out(3,32)                                         0.000 0.000          1           1 
    [Lib: cluster]                                                                           
    ROM_1i4_1o1_a981173f914bc276eca7f42d28616f0ab2()      1.862 0.048          1           1 
    ROM_1i4_1o8_67a60b90ba118081e4925479fe39390ab2()     14.896 0.161          1           1 
    [Lib: mgc_ioport]                                                                        
    mgc_inout_prereg_en(2,352)                            0.000 0.000          1           1 
    mgc_io_sync(0)                                        0.000 0.000          3           3 
    [Lib: nangate-45nm_beh]                                                                  
    mgc_add(32,0,32,0,32,3)                             213.603 0.764          1           1 
    mgc_add(4,0,1,1,4,4)                                 19.409 0.342          1           1 
    mgc_add(5,0,1,0,5,4)                                 15.024 0.250          0           1 
    mgc_add(5,0,2,1,5,4)                                 23.663 0.414          1           0 
    mgc_and(1,2,1)                                        1.110 0.024          0           4 
    mgc_and(1,3,1)                                        1.385 0.041          0           5 
    mgc_and(1,4,1)                                        1.660 0.051          0           1 
    mgc_and(32,2,1)                                      35.507 0.024          0           1 
    mgc_mul(10,1,32,0,32,1)                            2013.828 0.666          1           1 
    mgc_mux(32,1,2,4)                                    56.142 0.062         10          13 
    mgc_mux(32,4,16,4)                                  498.800 0.228          1           1 
    mgc_mux(320,1,2,4)                                  561.416 0.156          0           1 
    mgc_mux(4,1,2,4)                                      7.018 0.059          0           1 
    mgc_mux(8,1,2,4)                                     14.035 0.065          0           1 
    mgc_nand(1,2,1)                                       0.771 0.012          0           1 
    mgc_nor(1,2,1)                                        0.771 0.025          0           5 
    mgc_nor(1,3,1)                                        1.046 0.045          0           4 
    mgc_not(1,1)                                          0.529 0.006          0           4 
    mgc_not(4,1)                                          2.118 0.006          0           1 
    mgc_or(1,10,4)                                        4.218 0.111          0           1 
    mgc_or(1,2,1)                                         1.110 0.031          0           3 
    mgc_reg_pos(1,0,0,1,1,0,0,4)                          6.375 0.087          0           3 
    mgc_reg_pos(1,0,0,1,1,1,1,4)                          6.375 0.087          0           1 
    mgc_reg_pos(32,0,0,1,1,0,0,4)                       204.000 0.087          0           2 
    mgc_reg_pos(32,0,0,1,1,1,1,4)                       204.000 0.087          0           4 
    mgc_reg_pos(4,0,0,1,1,0,0,4)                         25.500 0.087          0           1 
    mgc_reg_pos(4,0,0,1,1,1,1,4)                         25.500 0.087          0           1 
    mgc_reg_pos(8,0,0,1,1,0,0,4)                         51.000 0.087          0           1 
                                                                                             
    TOTAL AREA (After Assignment):                     5510.352                              
    
  Area Scores
                      Post-Scheduling   Post-DP & FSM Post-Assignment 
    ----------------- --------------- --------------- ---------------
    Total Area Score:   6496.7          6662.3          5549.4        
    Total Reg:          3149.2  (48%)   1592.5  (24%)   1388.5  (25%) 
                                                                      
    DataPath:           6496.7 (100%)   6623.3  (99%)   5510.4  (99%) 
      MUX:              1060.2  (16%)    509.5   (8%)   1811.1  (33%) 
      FUNC:             2287.3  (35%)   4497.9  (68%)   2278.6  (41%) 
      LOGIC:               0.0            60.3   (1%)     69.1   (1%) 
      BUFFER:              0.0             0.0             0.0        
      MEM:                 0.0             0.0             0.0        
      ROM:                 0.0             0.0             0.0        
      REG:              3149.2  (48%)   1555.5  (23%)   1351.5  (25%) 
                                                                      
    
    FSM:                   0.0            39.0   (1%)     39.0   (1%) 
      FSM-REG:             0.0            37.0  (95%)     37.0  (95%) 
      FSM-COMB:            0.0             2.0   (5%)      2.0   (5%) 
                                                                      
    
  Register-to-Variable Mappings
    Register                                          Size(bits) Gated Register CG Opt Done Variables                                             
    ------------------------------------------------- ---------- -------------- ----------- -----------------------------------------------------
    acc#2.sva                                                 32         Y           Y      acc#2.sva                                             
    acc#2.sva#1                                               32         Y           Y      acc#2.sva#1                                           
    for:slc(shift_reg,*32)(31-0).ncse.sva                     32                            for:slc(shift_reg,*32)(31-0).ncse.sva                 
    reg(for:mul).cse                                          32                            reg(for:mul).cse                                      
    return:rsci.idat                                          32         Y           Y      return:rsci.idat                                      
    x.sva                                                     32         Y           Y      x.sva                                                 
    for:slc(C.rom#1,for:slc(i)(3-0).tmp*9)(8-1)#1.sva          8                            for:slc(C.rom#1,for:slc(i)(3-0).tmp*9)(8-1)#1.sva     
    for:acc#1.cse#1.sva                                        4         Y           Y      for:acc#1.cse#1.sva                                   
    i(3:0).sva                                                 4                            i(3:0).sva                                            
    for:slc(C.rom#1,for:slc(i)(3-0).tmp*9)(0)#1.sva            1                            for:slc(C.rom#1,for:slc(i)(3-0).tmp*9)(0)#1.sva       
    for:slc(for:acc)(4).itm                                    1         Y           Y      for:slc(for:acc)(4).itm                               
    reg(shift_reg:rsc.triosy:obj.ld).cse                       1                            reg(shift_reg:rsc.triosy:obj.ld).cse                  
    return:rsc.triosy:obj.ld                                   1                            return:rsc.triosy:obj.ld                              
                                                                                                                                                  
    Total:                                                   212            133         133 (Total Gating Ratio: 0.63, CG Opt Gating Ratio: 0.63) 
    
  Timing Report
    Critical Path
      Max Delay:  0.9372409999999999
      Slack:      0.06275900000000012
      
      Path                                                           Startpoint                                                   Endpoint                        Delay  Slack  
      -------------------------------------------------------------- ------------------------------------------------------------ ------------------------------- ------ ------
      1                                                              fir1:core/reg(acc#2)#1                                       fir1:core/reg(acc#2)            0.9372 0.0628 
                                                                                                                                                                                
        Instance                                                     Component                                                                                    Delta  Delay  
        --------                                                     ---------                                                                                    -----  -----  
        fir1:core/reg(acc#2)#1                                       mgc_reg_pos_32_0_0_1_1_1_1_4                                                                 0.0870 0.0870 
        fir1:core/acc#2.sva#1                                                                                                                                     0.0000 0.0870 
        fir1:core/mux                                                mgc_mux_32_1_2_4                                                                             0.0622 0.1492 
        fir1:core/mux.itm                                                                                                                                         0.0000 0.1492 
        fir1:core/acc#1:rg                                           mgc_addc_32_0_32_0_32_3                                                                      0.7641 0.9132 
        fir1:core/z.out                                                                                                                                           0.0000 0.9132 
        fir1:core/C:C:and                                            mgc_and_32_2_1                                                                               0.0240 0.9372 
        fir1:core/C:C:and.itm                                                                                                                                     0.0000 0.9372 
        fir1:core/reg(acc#2)                                         mgc_reg_pos_32_0_0_1_1_1_1_4                                                                 0.0000 0.9372 
                                                                                                                                                                                
      2                                                              fir1:core/reg(acc#2)                                         fir1:core/reg(acc#2)            0.9372 0.0628 
                                                                                                                                                                                
        Instance                                                     Component                                                                                    Delta  Delay  
        --------                                                     ---------                                                                                    -----  -----  
        fir1:core/reg(acc#2)                                         mgc_reg_pos_32_0_0_1_1_1_1_4                                                                 0.0870 0.0870 
        fir1:core/acc#2.sva                                                                                                                                       0.0000 0.0870 
        fir1:core/mux                                                mgc_mux_32_1_2_4                                                                             0.0622 0.1492 
        fir1:core/mux.itm                                                                                                                                         0.0000 0.1492 
        fir1:core/acc#1:rg                                           mgc_addc_32_0_32_0_32_3                                                                      0.7641 0.9132 
        fir1:core/z.out                                                                                                                                           0.0000 0.9132 
        fir1:core/C:C:and                                            mgc_and_32_2_1                                                                               0.0240 0.9372 
        fir1:core/C:C:and.itm                                                                                                                                     0.0000 0.9372 
        fir1:core/reg(acc#2)                                         mgc_reg_pos_32_0_0_1_1_1_1_4                                                                 0.0000 0.9372 
                                                                                                                                                                                
      3                                                              fir1:core/reg(acc#2)#1                                       fir1:core/reg(return:rsci.idat) 0.9132 0.0868 
                                                                                                                                                                                
        Instance                                                     Component                                                                                    Delta  Delay  
        --------                                                     ---------                                                                                    -----  -----  
        fir1:core/reg(acc#2)#1                                       mgc_reg_pos_32_0_0_1_1_1_1_4                                                                 0.0870 0.0870 
        fir1:core/acc#2.sva#1                                                                                                                                     0.0000 0.0870 
        fir1:core/mux                                                mgc_mux_32_1_2_4                                                                             0.0622 0.1492 
        fir1:core/mux.itm                                                                                                                                         0.0000 0.1492 
        fir1:core/acc#1:rg                                           mgc_addc_32_0_32_0_32_3                                                                      0.7641 0.9132 
        fir1:core/z.out                                                                                                                                           0.0000 0.9132 
        fir1:core/reg(return:rsci.idat)                              mgc_reg_pos_32_0_0_1_1_1_1_4                                                                 0.0000 0.9132 
                                                                                                                                                                                
      4                                                              fir1:core/reg(acc#2)                                         fir1:core/reg(return:rsci.idat) 0.9132 0.0868 
                                                                                                                                                                                
        Instance                                                     Component                                                                                    Delta  Delay  
        --------                                                     ---------                                                                                    -----  -----  
        fir1:core/reg(acc#2)                                         mgc_reg_pos_32_0_0_1_1_1_1_4                                                                 0.0870 0.0870 
        fir1:core/acc#2.sva                                                                                                                                       0.0000 0.0870 
        fir1:core/mux                                                mgc_mux_32_1_2_4                                                                             0.0622 0.1492 
        fir1:core/mux.itm                                                                                                                                         0.0000 0.1492 
        fir1:core/acc#1:rg                                           mgc_addc_32_0_32_0_32_3                                                                      0.7641 0.9132 
        fir1:core/z.out                                                                                                                                           0.0000 0.9132 
        fir1:core/reg(return:rsci.idat)                              mgc_reg_pos_32_0_0_1_1_1_1_4                                                                 0.0000 0.9132 
                                                                                                                                                                                
      5                                                              fir1:core/shift_reg:rsci                                     fir1/shift_reg:rsc.zout         0.8749 0.1251 
                                                                                                                                                                                
        Instance                                                     Component                                                                                    Delta  Delay  
        --------                                                     ---------                                                                                    -----  -----  
        fir1:core/shift_reg:rsci                                     mgc_inout_prereg_en_v1_2_352                                                                 0.8749 0.8749 
        fir1:core/shift_reg:rsc.zout                                                                                                                              0.0000 0.8749 
        fir1/shift_reg:rsc.zout                                                                                                                                   0.0000 0.8749 
                                                                                                                                                                                
      6                                                              fir1:core/shift_reg:rsci                                     fir1/shift_reg:rsc.lzout        0.8749 0.1251 
                                                                                                                                                                                
        Instance                                                     Component                                                                                    Delta  Delay  
        --------                                                     ---------                                                                                    -----  -----  
        fir1:core/shift_reg:rsci                                     mgc_inout_prereg_en_v1_2_352                                                                 0.8749 0.8749 
        fir1:core/shift_reg:rsc.lzout                                                                                                                             0.0000 0.8749 
        fir1/shift_reg:rsc.lzout                                                                                                                                  0.0000 0.8749 
                                                                                                                                                                                
      7                                                              fir1:core/reg(for:mul)                                       fir1:core/reg(return:rsci.idat) 0.8511 0.1489 
                                                                                                                                                                                
        Instance                                                     Component                                                                                    Delta  Delay  
        --------                                                     ---------                                                                                    -----  -----  
        fir1:core/reg(for:mul)                                       mgc_reg_pos_32_0_0_1_1_0_0_4                                                                 0.0870 0.0870 
        fir1:core/reg(for:mul).cse                                                                                                                                0.0000 0.0870 
        fir1:core/acc#1:rg                                           mgc_addc_32_0_32_0_32_3                                                                      0.7641 0.8511 
        fir1:core/z.out                                                                                                                                           0.0000 0.8511 
        fir1:core/reg(return:rsci.idat)                              mgc_reg_pos_32_0_0_1_1_1_1_4                                                                 0.0000 0.8511 
                                                                                                                                                                                
      8                                                              fir1:core/fir1:core_core:fsm:inst                            fir1:core/reg(return:rsci.idat) 0.8262 0.1738 
                                                                                                                                                                                
        Instance                                                     Component                                                                                    Delta  Delay  
        --------                                                     ---------                                                                                    -----  -----  
        fir1:core/fir1:core_core:fsm:inst                            fir1:core_core:fsm                                                                           0.0000 0.0000 
        fir1:core/fsm_output                                                                                                                                      0.0000 0.0000 
        fir1:core/slc(fsm_output)(3)#8                                                                                                                            0.0000 0.0000 
        fir1:core/slc(fsm_output)(3)#8.itm                                                                                                                        0.0000 0.0000 
        fir1:core/mux                                                mgc_mux_32_1_2_4                                                                             0.0622 0.0622 
        fir1:core/mux.itm                                                                                                                                         0.0000 0.0622 
        fir1:core/acc#1:rg                                           mgc_addc_32_0_32_0_32_3                                                                      0.7641 0.8262 
        fir1:core/z.out                                                                                                                                           0.0000 0.8262 
        fir1:core/reg(return:rsci.idat)                              mgc_reg_pos_32_0_0_1_1_1_1_4                                                                 0.0000 0.8262 
                                                                                                                                                                                
      9                                                              fir1:core/reg(for:slc(C.rom#1,for:slc(i)(3-0).tmp*9)(8-1)#1) fir1:core/reg(for:mul)          0.8182 0.1818 
                                                                                                                                                                                
        Instance                                                     Component                                                                                    Delta  Delay  
        --------                                                     ---------                                                                                    -----  -----  
        fir1:core/reg(for:slc(C.rom#1,for:slc(i)(3-0).tmp*9)(8-1)#1) mgc_reg_pos_8_0_0_1_1_0_0_4                                                                  0.0870 0.0870 
        fir1:core/for:slc(C.rom#1,for:slc(i)(3-0).tmp*9)(8-1)#1.sva                                                                                               0.0000 0.0870 
        fir1:core/for:mux#7                                          mgc_mux_8_1_2_4                                                                              0.0652 0.1522 
        fir1:core/for:mux#7.itm                                                                                                                                   0.0000 0.1522 
        fir1:core/for:conc#39                                                                                                                                     0.0000 0.1522 
        fir1:core/for:conc#39.itm                                                                                                                                 0.0000 0.1522 
        fir1:core/for:mul:rg                                         mgc_mul_10_1_32_0_32_1                                                                       0.6661 0.8182 
        fir1:core/z.out#1                                                                                                                                         0.0000 0.8182 
        fir1:core/reg(for:mul)                                       mgc_reg_pos_32_0_0_1_1_0_0_4                                                                 0.0000 0.8182 
                                                                                                                                                                                
      10                                                             fir1:core/reg(for:slc(shift_reg,*32)(31-0).ncse)             fir1:core/reg(for:mul)          0.8152 0.1848 
                                                                                                                                                                                
        Instance                                                     Component                                                                                    Delta  Delay  
        --------                                                     ---------                                                                                    -----  -----  
        fir1:core/reg(for:slc(shift_reg,*32)(31-0).ncse)             mgc_reg_pos_32_0_0_1_1_0_0_4                                                                 0.0870 0.0870 
        fir1:core/for:slc(shift_reg,*32)(31-0).ncse.sva                                                                                                           0.0000 0.0870 
        fir1:core/for:mux#6                                          mgc_mux_32_1_2_4                                                                             0.0622 0.1492 
        fir1:core/for:mux#6.itm                                                                                                                                   0.0000 0.1492 
        fir1:core/for:mul:rg                                         mgc_mul_10_1_32_0_32_1                                                                       0.6661 0.8152 
        fir1:core/z.out#1                                                                                                                                         0.0000 0.8152 
        fir1:core/reg(for:mul)                                       mgc_reg_pos_32_0_0_1_1_0_0_4                                                                 0.0000 0.8152 
                                                                                                                                                                                
      
    Register Input and Register-to-Output Slack
      Clock period or pin-to-reg delay constraint (clk): 1.0
      Clock uncertainty constraint (clk)               : 0.0
      
      Instance                                                     Port                                              Slack (Delay) Messages 
      ------------------------------------------------------------ ------------------------------------------------ ------ ------- --------
      fir1:core/reg(return:rsci.idat)                              z.out                                            0.0628  0.9372          
      fir1:core/reg(x)                                             x:rsci.idat                                      1.0000  0.0000          
      fir1:core/reg(acc#2)                                         C:C:and.itm                                      0.0628  0.9372          
      fir1:core/reg(i(3:0))                                        for:mux.itm                                      0.8541  0.1459          
      fir1:core/reg(return:rsc.triosy:obj.ld)                      slc(fsm_output)(5).itm                           1.0000  0.0000          
      fir1:core/reg(shift_reg:rsc.triosy:obj.ld)                   and#19.cse                                       0.8515  0.1485          
      fir1:core/reg(for:slc(for:acc)(4))                           for:slc(for:acc)(4).itm#2                        0.3151  0.6849          
      fir1:core/reg(for:slc(shift_reg,*32)(31-0).ncse)             for:slc(shift_reg,*32)(31-0).ncse.sva#1          0.1251  0.8749          
      fir1:core/reg(for:slc(C.rom#1,for:slc(i)(3-0).tmp*9)(8-1)#1) ROM_1i4_1o8_3106bdac892fcba6b8e810136c5fc7fd2e#1 0.7520  0.2480          
      fir1:core/reg(for:slc(C.rom#1,for:slc(i)(3-0).tmp*9)(0)#1)   ROM_1i4_1o1_04cc3276c127ea0e308702c30762117d2e#1 0.8650  0.1350          
      fir1:core/reg(for:acc#1)                                     for:acc#1.cse#1.sva#1                            0.1251  0.8749          
      fir1:core/reg(for:mul)                                       z.out#1                                          0.1818  0.8182          
      fir1:core/reg(acc#2)#1                                       z.out                                            0.0628  0.9372          
      fir1                                                         x:rsc.triosy.lz                                  0.9130  0.0870          
      fir1                                                         shift_reg:rsc.zout                               0.1251  0.8749          
      fir1                                                         shift_reg:rsc.lzout                              0.1251  0.8749          
      fir1                                                         shift_reg:rsc.triosy.lz                          0.9130  0.0870          
      fir1                                                         return:rsc.dat                                   0.9130  0.0870          
      fir1                                                         return:rsc.triosy.lz                             0.9130  0.0870          
      
  Operator Bitwidth Summary
    Operation                                      Size (bits) Count 
    ---------------------------------------------- ----------- -----
    ROM_1i4_1o1_04cc3276c127ea0e308702c30762117d2e                   
    -                                                        1     1 
    ROM_1i4_1o8_3106bdac892fcba6b8e810136c5fc7fd2e                   
    -                                                        8     1 
    add                                                              
    -                                                        5     1 
    -                                                        4     1 
    -                                                       32     1 
    and                                                              
    -                                                       32     1 
    -                                                        1    10 
    mul                                                              
    -                                                       32     1 
    mux                                                              
    -                                                        8     1 
    -                                                        4     1 
    -                                                      320     1 
    -                                                       32    14 
    nand                                                             
    -                                                        1     1 
    nor                                                              
    -                                                        1     9 
    not                                                              
    -                                                        4     1 
    -                                                        1     4 
    or                                                               
    -                                                        1     4 
    read_port                                                        
    -                                                      352     1 
    -                                                       32     1 
    read_sync                                                        
    -                                                        0     3 
    reg                                                              
    -                                                        8     1 
    -                                                        4     2 
    -                                                       32     6 
    -                                                        1     4 
    write_port                                                       
    -                                                        0     1 
    
  End of Report
